C:\Program Files (x86)\MSBuild\Microsoft.Cpp\v4.0\V140\Microsoft.CppBuild.targets(368,5): warning MSB8004: Output Directory does not end with a trailing slash.  This build instance will add the slash as it is required to allow proper evaluation of the Output Directory.
  ConsoleApplication1.cpp
LINK : warning LNK4098: 默认库“LIBCMT”与其他库的使用冲突；请使用 /NODEFAULTLIB:library
freeglut_static.lib(freeglut_callbacks.obj) : warning LNK4099: 未找到 PDB“freeglut.pdb”(使用“freeglut_static.lib(freeglut_callbacks.obj)”或在“D:\program exercise\project\glut图元\ConsoleApplication1\bin\freeglut.pdb”中寻找)；正在链接对象，如同没有调试信息一样
freeglut_static.lib(freeglut_cursor.obj) : warning LNK4099: 未找到 PDB“freeglut.pdb”(使用“freeglut_static.lib(freeglut_cursor.obj)”或在“D:\program exercise\project\glut图元\ConsoleApplication1\bin\freeglut.pdb”中寻找)；正在链接对象，如同没有调试信息一样
freeglut_static.lib(freeglut_display.obj) : warning LNK4099: 未找到 PDB“freeglut.pdb”(使用“freeglut_static.lib(freeglut_display.obj)”或在“D:\program exercise\project\glut图元\ConsoleApplication1\bin\freeglut.pdb”中寻找)；正在链接对象，如同没有调试信息一样
freeglut_static.lib(freeglut_font.obj) : warning LNK4099: 未找到 PDB“freeglut.pdb”(使用“freeglut_static.lib(freeglut_font.obj)”或在“D:\program exercise\project\glut图元\ConsoleApplication1\bin\freeglut.pdb”中寻找)；正在链接对象，如同没有调试信息一样
freeglut_static.lib(freeglut_font_data.obj) : warning LNK4099: 未找到 PDB“freeglut.pdb”(使用“freeglut_static.lib(freeglut_font_data.obj)”或在“D:\program exercise\project\glut图元\ConsoleApplication1\bin\freeglut.pdb”中寻找)；正在链接对象，如同没有调试信息一样
freeglut_static.lib(freeglut_geometry.obj) : warning LNK4099: 未找到 PDB“freeglut.pdb”(使用“freeglut_static.lib(freeglut_geometry.obj)”或在“D:\program exercise\project\glut图元\ConsoleApplication1\bin\freeglut.pdb”中寻找)；正在链接对象，如同没有调试信息一样
freeglut_static.lib(freeglut_init.obj) : warning LNK4099: 未找到 PDB“freeglut.pdb”(使用“freeglut_static.lib(freeglut_init.obj)”或在“D:\program exercise\project\glut图元\ConsoleApplication1\bin\freeglut.pdb”中寻找)；正在链接对象，如同没有调试信息一样
freeglut_static.lib(freeglut_input_devices.obj) : warning LNK4099: 未找到 PDB“freeglut.pdb”(使用“freeglut_static.lib(freeglut_input_devices.obj)”或在“D:\program exercise\project\glut图元\ConsoleApplication1\bin\freeglut.pdb”中寻找)；正在链接对象，如同没有调试信息一样
freeglut_static.lib(freeglut_joystick.obj) : warning LNK4099: 未找到 PDB“freeglut.pdb”(使用“freeglut_static.lib(freeglut_joystick.obj)”或在“D:\program exercise\project\glut图元\ConsoleApplication1\bin\freeglut.pdb”中寻找)；正在链接对象，如同没有调试信息一样
freeglut_static.lib(freeglut_main.obj) : warning LNK4099: 未找到 PDB“freeglut.pdb”(使用“freeglut_static.lib(freeglut_main.obj)”或在“D:\program exercise\project\glut图元\ConsoleApplication1\bin\freeglut.pdb”中寻找)；正在链接对象，如同没有调试信息一样
freeglut_static.lib(freeglut_menu.obj) : warning LNK4099: 未找到 PDB“freeglut.pdb”(使用“freeglut_static.lib(freeglut_menu.obj)”或在“D:\program exercise\project\glut图元\ConsoleApplication1\bin\freeglut.pdb”中寻找)；正在链接对象，如同没有调试信息一样
freeglut_static.lib(freeglut_spaceball.obj) : warning LNK4099: 未找到 PDB“freeglut.pdb”(使用“freeglut_static.lib(freeglut_spaceball.obj)”或在“D:\program exercise\project\glut图元\ConsoleApplication1\bin\freeglut.pdb”中寻找)；正在链接对象，如同没有调试信息一样
freeglut_static.lib(freeglut_state.obj) : warning LNK4099: 未找到 PDB“freeglut.pdb”(使用“freeglut_static.lib(freeglut_state.obj)”或在“D:\program exercise\project\glut图元\ConsoleApplication1\bin\freeglut.pdb”中寻找)；正在链接对象，如同没有调试信息一样
freeglut_static.lib(freeglut_stroke_mono_roman.obj) : warning LNK4099: 未找到 PDB“freeglut.pdb”(使用“freeglut_static.lib(freeglut_stroke_mono_roman.obj)”或在“D:\program exercise\project\glut图元\ConsoleApplication1\bin\freeglut.pdb”中寻找)；正在链接对象，如同没有调试信息一样
freeglut_static.lib(freeglut_stroke_roman.obj) : warning LNK4099: 未找到 PDB“freeglut.pdb”(使用“freeglut_static.lib(freeglut_stroke_roman.obj)”或在“D:\program exercise\project\glut图元\ConsoleApplication1\bin\freeglut.pdb”中寻找)；正在链接对象，如同没有调试信息一样
freeglut_static.lib(freeglut_structure.obj) : warning LNK4099: 未找到 PDB“freeglut.pdb”(使用“freeglut_static.lib(freeglut_structure.obj)”或在“D:\program exercise\project\glut图元\ConsoleApplication1\bin\freeglut.pdb”中寻找)；正在链接对象，如同没有调试信息一样
freeglut_static.lib(freeglut_window.obj) : warning LNK4099: 未找到 PDB“freeglut.pdb”(使用“freeglut_static.lib(freeglut_window.obj)”或在“D:\program exercise\project\glut图元\ConsoleApplication1\bin\freeglut.pdb”中寻找)；正在链接对象，如同没有调试信息一样
  ConsoleApplication1.vcxproj -> D:\program exercise\project\glut图元\ConsoleApplication1\ConsoleApplication1\../bin\ConsoleApplication1.exe
  ConsoleApplication1.vcxproj -> ../bin\ConsoleApplication1.pdb (Full PDB)
